<?xml version="1.0" encoding="UTF-8"?>
<!-- Generated by org.testng.reporters.JUnitReportReporter -->
<testsuite hostname="DESKTOP-C7NTSG8" failures="0" tests="1" name="com.hrms.libs.TC001_Login_Logout" time="23.139" errors="0" timestamp="2020-05-11T22:05:11 IST" skipped="0">
  <testcase classname="com.hrms.libs.TC001_Login_Logout" name="login_logout" time="23.139"/>
  <system-out/>
</testsuite> <!-- com.hrms.libs.TC001_Login_Logout -->
