<?xml version="1.0" encoding="UTF-8"?>
<!-- Generated by org.testng.reporters.JUnitReportReporter -->
<testsuite hostname="DESKTOP-C7NTSG8" failures="0" tests="1" name="com.hrms.libs.TC003_DeletEmployee" time="41.814" errors="0" timestamp="2020-05-11T22:08:25 IST" skipped="0">
  <testcase classname="com.hrms.libs.TC003_DeletEmployee" name="deleteEmployee" time="41.814"/>
  <system-out/>
</testsuite> <!-- com.hrms.libs.TC003_DeletEmployee -->
